app/build/outputs/logs/manifest-merger-debug-report.txt
-- Merging decision tree log ---
manifest
ADDED from src/main/AndroidManifest.xml:2:1-237:12
	package
		ADDED from src/main/AndroidManifest.xml:4:5-38
		INJECTED from src/main/AndroidManifest.xml
		INJECTED from src/main/AndroidManifest.xml
	android:versionName
		ADDED from src/main/AndroidManifest.xml:7:5-29
		INJECTED from src/main/AndroidManifest.xml
		INJECTED from src/main/AndroidManifest.xml
	xmlns:tools
		ADDED from src/main/AndroidManifest.xml:3:5-51
	android:launchMode
		ADDED from src/main/AndroidManifest.xml:5:5-36
	android:versionCode
		ADDED from src/main/AndroidManifest.xml:6:5-29
		INJECTED from src/main/AndroidManifest.xml
		INJECTED from src/main/AndroidManifest.xml
	xmlns:android
		ADDED from src/main/AndroidManifest.xml:2:11-69
uses-permission#android.permission.INTERNET
ADDED from src/main/AndroidManifest.xml:9:5-67
	android:name
		ADDED from src/main/AndroidManifest.xml:9:22-64
uses-permission#android.permission.ACCESS_NETWORK_STATE
ADDED from src/main/AndroidManifest.xml:10:5-79
MERGED from [:MswipeWseriesUniversalDRDSDKVer1.0.7v3.4.1:] AndroidManifest.xml:13:5-79
	android:name
		ADDED from src/main/AndroidManifest.xml:10:22-76
uses-permission#android.permission.CALL_PHONE
ADDED from src/main/AndroidManifest.xml:11:5-69
	android:name
		ADDED from src/main/AndroidManifest.xml:11:22-66
uses-permission#android.permission.WRITE_EXTERNAL_STORAGE
ADDED from src/main/AndroidManifest.xml:12:5-81
	android:name
		ADDED from src/main/AndroidManifest.xml:12:22-78
uses-permission#android.permission.READ_EXTERNAL_STORAGE
ADDED from src/main/AndroidManifest.xml:13:5-80
	android:name
		ADDED from src/main/AndroidManifest.xml:13:22-77
uses-permission#android.permission.CAMERA
ADDED from src/main/AndroidManifest.xml:14:5-65
	android:name
		ADDED from src/main/AndroidManifest.xml:14:22-62
uses-permission#android.permission.BLUETOOTH
ADDED from src/main/AndroidManifest.xml:15:5-68
MERGED from [:MswipeWseriesUniversalDRDSDKVer1.0.7v3.4.1:] AndroidManifest.xml:11:5-68
	android:name
		ADDED from src/main/AndroidManifest.xml:15:22-65
uses-permission#android.permission.BLUETOOTH_ADMIN
ADDED from src/main/AndroidManifest.xml:16:5-74
MERGED from [:MswipeWseriesUniversalDRDSDKVer1.0.7v3.4.1:] AndroidManifest.xml:12:5-74
	android:name
		ADDED from src/main/AndroidManifest.xml:16:22-71
uses-permission#android.permission.WAKE_LOCK
ADDED from src/main/AndroidManifest.xml:17:5-68
	android:name
		ADDED from src/main/AndroidManifest.xml:17:22-65
uses-permission#android.permission.CHANGE_NETWORK_STATE
ADDED from src/main/AndroidManifest.xml:18:5-79
	android:name
		ADDED from src/main/AndroidManifest.xml:18:22-76
uses-permission#android.permission.ACCESS_WIFI_STATE
ADDED from src/main/AndroidManifest.xml:19:5-76
MERGED from [:MswipeWseriesUniversalDRDSDKVer1.0.7v3.4.1:] AndroidManifest.xml:14:5-76
	android:name
		ADDED from src/main/AndroidManifest.xml:19:22-73
uses-permission#android.permission.CHANGE_WIFI_STATE
ADDED from src/main/AndroidManifest.xml:20:5-76
	android:name
		ADDED from src/main/AndroidManifest.xml:20:22-73
uses-permission#android.permission.MANAGE_DOCUMENTS
ADDED from src/main/AndroidManifest.xml:21:5-75
	android:name
		ADDED from src/main/AndroidManifest.xml:21:22-72
uses-permission#android.permission.REORDER_TASKS
ADDED from src/main/AndroidManifest.xml:22:5-72
	android:name
		ADDED from src/main/AndroidManifest.xml:22:22-69
uses-permission#android.permission.READ_PHONE_STATE
ADDED from src/main/AndroidManifest.xml:23:5-75
	android:name
		ADDED from src/main/AndroidManifest.xml:23:22-72
uses-permission#android.permission.ACCESS_FINE_LOCATION
ADDED from src/main/AndroidManifest.xml:24:5-79
	android:name
		ADDED from src/main/AndroidManifest.xml:24:22-76
uses-permission#android.permission.INSTALL_PACKAGES
ADDED from src/main/AndroidManifest.xml:25:5-27:47
	tools:ignore
		ADDED from src/main/AndroidManifest.xml:27:9-44
	android:name
		ADDED from src/main/AndroidManifest.xml:26:9-59
uses-permission#android.permission.SYSTEM_ALERT_WINDOW
ADDED from src/main/AndroidManifest.xml:28:5-78
	android:name
		ADDED from src/main/AndroidManifest.xml:28:22-75
uses-permission#android.permission.RECEIVE_BOOT_COMPLETED
ADDED from src/main/AndroidManifest.xml:29:5-81
	android:name
		ADDED from src/main/AndroidManifest.xml:29:22-78
uses-permission#android.permission.DISABLE_KEYGUARD
ADDED from src/main/AndroidManifest.xml:30:5-75
	android:name
		ADDED from src/main/AndroidManifest.xml:30:22-72
uses-feature#android.hardware.camera
ADDED from src/main/AndroidManifest.xml:32:5-60
	android:name
		ADDED from src/main/AndroidManifest.xml:32:19-57
uses-feature#android.hardware.camera.autofocus
ADDED from src/main/AndroidManifest.xml:33:5-70
	android:name
		ADDED from src/main/AndroidManifest.xml:33:19-67
application
ADDED from src/main/AndroidManifest.xml:35:5-235:19
MERGED from [:MswipeWseriesUniversalDRDSDKVer1.0.7v3.4.1:] AndroidManifest.xml:17:5-19:19
MERGED from [com.android.support:design:23.2.1] AndroidManifest.xml:22:5-20
MERGED from [com.android.support:appcompat-v7:23.2.1] AndroidManifest.xml:25:5-20
MERGED from [com.android.support:animated-vector-drawable:23.2.1] AndroidManifest.xml:7:5-20
MERGED from [com.android.support:support-vector-drawable:23.2.1] AndroidManifest.xml:7:5-20
MERGED from [com.android.support:support-v4:23.2.1] AndroidManifest.xml:22:5-20
MERGED from [com.android.support:cardview-v7:23.2.1] AndroidManifest.xml:22:5-20
MERGED from [com.android.support.constraint:constraint-layout:1.0.2] AndroidManifest.xml:9:5-20
MERGED from [pl.bclogic:pulsator4droid:1.0.3] AndroidManifest.xml:11:5-15:19
MERGED from [de.hdodenhof:circleimageview:1.3.0] AndroidManifest.xml:9:5-20
	android:label
		ADDED from src/main/AndroidManifest.xml:40:9-41
	android:supportsRtl
		ADDED from [pl.bclogic:pulsator4droid:1.0.3] AndroidManifest.xml:14:9-35
	android:hardwareAccelerated
		ADDED from src/main/AndroidManifest.xml:38:9-44
	android:uiOptions
		ADDED from src/main/AndroidManifest.xml:44:9-53
	android:allowBackup
		ADDED from src/main/AndroidManifest.xml:37:9-35
		REJECTED from [:MswipeWseriesUniversalDRDSDKVer1.0.7v3.4.1:] AndroidManifest.xml:17:18-45
		REJECTED from [pl.bclogic:pulsator4droid:1.0.3] AndroidManifest.xml:12:9-35
	android:icon
		ADDED from src/main/AndroidManifest.xml:39:9-42
	android:largeHeap
		ADDED from src/main/AndroidManifest.xml:41:9-33
	android:theme
		ADDED from src/main/AndroidManifest.xml:43:9-40
	android:logo
		ADDED from src/main/AndroidManifest.xml:42:9-50
	tools:replace
		ADDED from src/main/AndroidManifest.xml:45:9-44
	android:name
		ADDED from src/main/AndroidManifest.xml:36:9-38
activity#com.north.socket.client.MyActivity
ADDED from src/main/AndroidManifest.xml:46:9-50:52
	android:screenOrientation
		ADDED from src/main/AndroidManifest.xml:50:13-49
	android:label
		ADDED from src/main/AndroidManifest.xml:49:13-45
	android:configChanges
		ADDED from src/main/AndroidManifest.xml:48:13-63
	android:name
		ADDED from src/main/AndroidManifest.xml:47:13-39
activity#com.north.socket.client.ActiveTask
ADDED from src/main/AndroidManifest.xml:51:9-60:20
	android:screenOrientation
		ADDED from src/main/AndroidManifest.xml:56:13-49
	android:label
		ADDED from src/main/AndroidManifest.xml:54:13-45
	android:parentActivityName
		ADDED from src/main/AndroidManifest.xml:55:13-55
	android:configChanges
		ADDED from src/main/AndroidManifest.xml:53:13-63
	android:name
		ADDED from src/main/AndroidManifest.xml:52:13-39
meta-data#android.support.PARENT_ACTIVITY
ADDED from src/main/AndroidManifest.xml:57:13-59:70
	android:value
		ADDED from src/main/AndroidManifest.xml:59:17-67
	android:name
		ADDED from src/main/AndroidManifest.xml:58:17-63
activity#com.north.socket.client.implantHome
ADDED from src/main/AndroidManifest.xml:61:9-70:20
	android:screenOrientation
		ADDED from src/main/AndroidManifest.xml:66:13-49
	android:label
		ADDED from src/main/AndroidManifest.xml:64:13-36
	android:parentActivityName
		ADDED from src/main/AndroidManifest.xml:65:13-53
	android:configChanges
		ADDED from src/main/AndroidManifest.xml:63:13-63
	android:name
		ADDED from src/main/AndroidManifest.xml:62:13-40
activity#com.north.socket.client.EzeTap
ADDED from src/main/AndroidManifest.xml:71:9-79:52
	android:screenOrientation
		ADDED from src/main/AndroidManifest.xml:76:13-49
	android:label
		ADDED from src/main/AndroidManifest.xml:74:13-42
	android:launchMode
		ADDED from src/main/AndroidManifest.xml:75:13-43
	android:windowSoftInputMode
		ADDED from src/main/AndroidManifest.xml:78:13-55
	android:configChanges
		ADDED from src/main/AndroidManifest.xml:73:13-90
	tools:targetApi
		ADDED from src/main/AndroidManifest.xml:79:13-49
	android:theme
		ADDED from src/main/AndroidManifest.xml:77:13-69
	android:name
		ADDED from src/main/AndroidManifest.xml:72:13-35
activity#com.eze.api.EzeAPIActivity
ADDED from src/main/AndroidManifest.xml:80:9-84:86
	android:screenOrientation
		ADDED from src/main/AndroidManifest.xml:83:13-49
	android:configChanges
		ADDED from src/main/AndroidManifest.xml:82:13-90
	android:theme
		ADDED from src/main/AndroidManifest.xml:84:13-83
	android:name
		ADDED from src/main/AndroidManifest.xml:81:13-54
activity#com.north.socket.client.Login
ADDED from src/main/AndroidManifest.xml:85:9-98:20
	android:screenOrientation
		ADDED from src/main/AndroidManifest.xml:91:13-49
	android:label
		ADDED from src/main/AndroidManifest.xml:89:13-45
	android:launchMode
		ADDED from src/main/AndroidManifest.xml:90:13-48
	android:configChanges
		ADDED from src/main/AndroidManifest.xml:88:13-63
	android:alwaysRetainTaskState
		ADDED from src/main/AndroidManifest.xml:87:13-49
	android:name
		ADDED from src/main/AndroidManifest.xml:86:13-34
intent-filter#android.intent.action.MAIN+android.intent.category.LAUNCHER+android.net.conn.CONNECTIVITY_CHANGE
ADDED from src/main/AndroidManifest.xml:92:13-97:29
action#android.net.conn.CONNECTIVITY_CHANGE
ADDED from src/main/AndroidManifest.xml:93:17-79
	android:name
		ADDED from src/main/AndroidManifest.xml:93:25-76
action#android.intent.action.MAIN
ADDED from src/main/AndroidManifest.xml:94:17-69
	android:name
		ADDED from src/main/AndroidManifest.xml:94:25-66
category#android.intent.category.LAUNCHER
ADDED from src/main/AndroidManifest.xml:96:17-77
	android:name
		ADDED from src/main/AndroidManifest.xml:96:27-74
activity#com.north.socket.client.awaitPayment
ADDED from src/main/AndroidManifest.xml:99:9-103:52
	android:screenOrientation
		ADDED from src/main/AndroidManifest.xml:103:13-49
	android:label
		ADDED from src/main/AndroidManifest.xml:102:13-65
	android:configChanges
		ADDED from src/main/AndroidManifest.xml:101:13-63
	android:name
		ADDED from src/main/AndroidManifest.xml:100:13-41
activity#com.north.socket.client.CaptureSignature
ADDED from src/main/AndroidManifest.xml:104:9-108:52
	android:screenOrientation
		ADDED from src/main/AndroidManifest.xml:108:13-49
	android:label
		ADDED from src/main/AndroidManifest.xml:107:13-69
	android:configChanges
		ADDED from src/main/AndroidManifest.xml:106:13-63
	android:name
		ADDED from src/main/AndroidManifest.xml:105:13-45
activity#com.north.socket.client.ambassadorPresent
ADDED from src/main/AndroidManifest.xml:110:9-113:52
	android:screenOrientation
		ADDED from src/main/AndroidManifest.xml:113:13-49
	android:configChanges
		ADDED from src/main/AndroidManifest.xml:112:13-63
	android:name
		ADDED from src/main/AndroidManifest.xml:111:13-46
activity#com.north.socket.client.ambassadorPresentdetail
ADDED from src/main/AndroidManifest.xml:114:9-117:52
	android:screenOrientation
		ADDED from src/main/AndroidManifest.xml:117:13-49
	android:configChanges
		ADDED from src/main/AndroidManifest.xml:116:13-63
	android:name
		ADDED from src/main/AndroidManifest.xml:115:13-52
activity#com.north.socket.client.Attendance
ADDED from src/main/AndroidManifest.xml:118:9-122:52
	android:screenOrientation
		ADDED from src/main/AndroidManifest.xml:122:13-49
	android:label
		ADDED from src/main/AndroidManifest.xml:121:13-62
	android:configChanges
		ADDED from src/main/AndroidManifest.xml:120:13-63
	android:name
		ADDED from src/main/AndroidManifest.xml:119:13-39
activity#com.north.socket.client.AddressVerify
ADDED from src/main/AndroidManifest.xml:123:9-127:52
	android:screenOrientation
		ADDED from src/main/AndroidManifest.xml:127:13-49
	android:label
		ADDED from src/main/AndroidManifest.xml:126:13-62
	android:configChanges
		ADDED from src/main/AndroidManifest.xml:125:13-63
	android:name
		ADDED from src/main/AndroidManifest.xml:124:13-42
activity#com.north.socket.client.DrivingTest
ADDED from src/main/AndroidManifest.xml:128:9-132:52
	android:screenOrientation
		ADDED from src/main/AndroidManifest.xml:132:13-49
	android:label
		ADDED from src/main/AndroidManifest.xml:131:13-62
	android:configChanges
		ADDED from src/main/AndroidManifest.xml:130:13-63
	android:name
		ADDED from src/main/AndroidManifest.xml:129:13-40
activity#com.north.socket.client.AwaitingTask
ADDED from src/main/AndroidManifest.xml:133:9-137:52
	android:screenOrientation
		ADDED from src/main/AndroidManifest.xml:137:13-49
	android:label
		ADDED from src/main/AndroidManifest.xml:136:13-65
	android:configChanges
		ADDED from src/main/AndroidManifest.xml:135:13-63
	android:name
		ADDED from src/main/AndroidManifest.xml:134:13-41
activity#com.north.socket.client.StartEssentials
ADDED from src/main/AndroidManifest.xml:138:9-142:52
	android:screenOrientation
		ADDED from src/main/AndroidManifest.xml:142:13-49
	android:label
		ADDED from src/main/AndroidManifest.xml:141:13-65
	android:configChanges
		ADDED from src/main/AndroidManifest.xml:140:13-63
	android:name
		ADDED from src/main/AndroidManifest.xml:139:13-44
receiver#com.north.socket.client.Login
ADDED from src/main/AndroidManifest.xml:144:9-148:20
	android:name
		ADDED from src/main/AndroidManifest.xml:144:19-40
intent-filter#com.north.socket.client
ADDED from src/main/AndroidManifest.xml:145:13-147:29
action#com.north.socket.client
ADDED from src/main/AndroidManifest.xml:146:17-66
	android:name
		ADDED from src/main/AndroidManifest.xml:146:25-63
receiver#com.north.socket.client.NetworkChangeReceiver
ADDED from src/main/AndroidManifest.xml:149:9-156:20
	android:label
		ADDED from src/main/AndroidManifest.xml:151:13-50
	android:name
		ADDED from src/main/AndroidManifest.xml:150:13-49
intent-filter#android.net.conn.CONNECTIVITY_CHANGE+android.net.wifi.WIFI_STATE_CHANGED
ADDED from src/main/AndroidManifest.xml:152:13-155:29
action#android.net.wifi.WIFI_STATE_CHANGED
ADDED from src/main/AndroidManifest.xml:154:17-78
	android:name
		ADDED from src/main/AndroidManifest.xml:154:25-75
receiver#com.north.socket.client.BootUpReceiver
ADDED from src/main/AndroidManifest.xml:172:9-181:20
	android:enabled
		ADDED from src/main/AndroidManifest.xml:174:13-35
	android:permission
		ADDED from src/main/AndroidManifest.xml:175:13-75
	android:name
		ADDED from src/main/AndroidManifest.xml:173:13-43
intent-filter#android.intent.action.BOOT_COMPLETED+android.intent.category.DEFAULT
ADDED from src/main/AndroidManifest.xml:176:13-180:29
action#android.intent.action.BOOT_COMPLETED
ADDED from src/main/AndroidManifest.xml:177:17-79
	android:name
		ADDED from src/main/AndroidManifest.xml:177:25-76
category#android.intent.category.DEFAULT
ADDED from src/main/AndroidManifest.xml:179:17-76
	android:name
		ADDED from src/main/AndroidManifest.xml:179:27-73
item
ADDED from src/main/AndroidManifest.xml:183:9-184:46
	android:name
		ADDED from src/main/AndroidManifest.xml:183:15-42
activity#com.north.socket.client.MswipeView
ADDED from src/main/AndroidManifest.xml:186:9-188:66
	android:label
		ADDED from src/main/AndroidManifest.xml:188:13-63
	android:name
		ADDED from src/main/AndroidManifest.xml:187:13-39
activity#com.north.socket.client.ListHistory
ADDED from src/main/AndroidManifest.xml:189:9-191:67
	android:label
		ADDED from src/main/AndroidManifest.xml:191:13-64
	android:name
		ADDED from src/main/AndroidManifest.xml:190:13-40
activity#com.north.socket.client.ListHistoryCashCollection
ADDED from src/main/AndroidManifest.xml:192:9-194:67
	android:label
		ADDED from src/main/AndroidManifest.xml:194:13-64
	android:name
		ADDED from src/main/AndroidManifest.xml:193:13-54
activity#com.north.socket.client.ListHistoryConvCollection
ADDED from src/main/AndroidManifest.xml:195:9-197:67
	android:label
		ADDED from src/main/AndroidManifest.xml:197:13-64
	android:name
		ADDED from src/main/AndroidManifest.xml:196:13-54
service#com.north.socket.client.SocketService
ADDED from src/main/AndroidManifest.xml:199:9-207:19
	android:enabled
		ADDED from src/main/AndroidManifest.xml:201:13-35
	android:name
		ADDED from src/main/AndroidManifest.xml:200:13-42
intent-filter#android.intent.category.DEFAULT+android.location.PROVIDERS_CHANGED
ADDED from src/main/AndroidManifest.xml:202:13-206:29
	android:priority
		ADDED from src/main/AndroidManifest.xml:202:28-51
action#android.location.PROVIDERS_CHANGED
ADDED from src/main/AndroidManifest.xml:203:17-77
	android:name
		ADDED from src/main/AndroidManifest.xml:203:25-74
service#com.north.socket.client.SocketServiceFile
ADDED from src/main/AndroidManifest.xml:208:9-214:19
	android:enabled
		ADDED from src/main/AndroidManifest.xml:210:13-35
	android:name
		ADDED from src/main/AndroidManifest.xml:209:13-46
intent-filter#android.intent.category.DEFAULT
ADDED from src/main/AndroidManifest.xml:211:13-213:29
	android:priority
		ADDED from src/main/AndroidManifest.xml:211:28-51
activity#com.north.socket.client.TransactionHistory
ADDED from src/main/AndroidManifest.xml:216:9-56
	android:name
		ADDED from src/main/AndroidManifest.xml:216:19-53
activity#com.north.socket.client.TransHistoryDetails
ADDED from src/main/AndroidManifest.xml:217:9-57
	android:name
		ADDED from src/main/AndroidManifest.xml:217:19-54
activity#com.north.socket.client.ForgotPassword
ADDED from src/main/AndroidManifest.xml:218:9-52
	android:name
		ADDED from src/main/AndroidManifest.xml:218:19-49
activity#com.north.socket.client.DisabledAmbassador
ADDED from src/main/AndroidManifest.xml:219:9-56
	android:name
		ADDED from src/main/AndroidManifest.xml:219:19-53
activity#com.north.socket.client.MainActivity
ADDED from src/main/AndroidManifest.xml:220:9-50
	android:name
		ADDED from src/main/AndroidManifest.xml:220:19-47
activity#com.north.socket.client.TakingComplaints
ADDED from src/main/AndroidManifest.xml:221:9-54
	android:name
		ADDED from src/main/AndroidManifest.xml:221:19-51
activity#com.north.socket.client.Feedback
ADDED from src/main/AndroidManifest.xml:222:9-46
	android:name
		ADDED from src/main/AndroidManifest.xml:222:19-43
activity#com.north.socket.client.FreeComplaints
ADDED from src/main/AndroidManifest.xml:223:9-52
	android:name
		ADDED from src/main/AndroidManifest.xml:223:19-49
activity#com.north.socket.client.AcceptTask
ADDED from src/main/AndroidManifest.xml:224:9-48
	android:name
		ADDED from src/main/AndroidManifest.xml:224:19-45
activity#com.north.socket.client.ReferAndEarn
ADDED from src/main/AndroidManifest.xml:225:9-50
	android:name
		ADDED from src/main/AndroidManifest.xml:225:19-47
activity#com.north.socket.client.webPageScreen
ADDED from src/main/AndroidManifest.xml:226:9-51
	android:name
		ADDED from src/main/AndroidManifest.xml:226:19-48
activity#com.north.socket.client.PhotoGallery
ADDED from src/main/AndroidManifest.xml:227:9-231:52
	android:screenOrientation
		ADDED from src/main/AndroidManifest.xml:231:13-49
	android:label
		ADDED from src/main/AndroidManifest.xml:230:13-39
	android:configChanges
		ADDED from src/main/AndroidManifest.xml:229:13-63
	android:name
		ADDED from src/main/AndroidManifest.xml:228:13-41
activity#com.north.socket.client.LoadingPage
ADDED from src/main/AndroidManifest.xml:232:9-234:75
	android:theme
		ADDED from src/main/AndroidManifest.xml:234:13-72
	android:name
		ADDED from src/main/AndroidManifest.xml:233:13-40
uses-sdk
INJECTED from src/main/AndroidManifest.xml reason: use-sdk injection requested
MERGED from [:MswipeWseriesUniversalDRDSDKVer1.0.7v3.4.1:] AndroidManifest.xml:7:5-9:41
MERGED from [com.android.support:design:23.2.1] AndroidManifest.xml:20:5-43
MERGED from [com.android.support:appcompat-v7:23.2.1] AndroidManifest.xml:21:5-23:78
MERGED from [com.android.support:animated-vector-drawable:23.2.1] AndroidManifest.xml:5:5-44
MERGED from [com.android.support:support-vector-drawable:23.2.1] AndroidManifest.xml:5:5-43
MERGED from [com.android.support:recyclerview-v7:23.2.1] AndroidManifest.xml:20:5-43
MERGED from [com.android.support:support-v4:23.2.1] AndroidManifest.xml:20:5-43
MERGED from [com.android.support:cardview-v7:23.2.1] AndroidManifest.xml:20:5-43
MERGED from [com.android.support.constraint:constraint-layout:1.0.2] AndroidManifest.xml:5:5-7:41
MERGED from [pl.bclogic:pulsator4droid:1.0.3] AndroidManifest.xml:7:5-9:41
MERGED from [de.hdodenhof:circleimageview:1.3.0] AndroidManifest.xml:5:5-7:41
	tools:overrideLibrary
		ADDED from [com.android.support:appcompat-v7:23.2.1] AndroidManifest.xml:23:9-75
	android:targetSdkVersion
		INJECTED from src/main/AndroidManifest.xml
		INJECTED from src/main/AndroidManifest.xml
	android:minSdkVersion
		INJECTED from src/main/AndroidManifest.xml
		INJECTED from src/main/AndroidManifest.xml
uses-permission#android.permission.BBPOS
ADDED from [:MswipeWseriesUniversalDRDSDKVer1.0.7v3.4.1:] AndroidManifest.xml:15:5-64
	android:name
		ADDED from [:MswipeWseriesUniversalDRDSDKVer1.0.7v3.4.1:] AndroidManifest.xml:15:22-61
service#com.mswipetech.wisepad.sdk.device.MSWisepadDeviceController
ADDED from [:MswipeWseriesUniversalDRDSDKVer1.0.7v3.4.1:] AndroidManifest.xml:18:9-95
	android:name
		ADDED from [:MswipeWseriesUniversalDRDSDKVer1.0.7v3.4.1:] AndroidManifest.xml:18:18-92